<?xml version="1.0" encoding="UTF-8"?>
<!-- Generated by org.testng.reporters.JUnitReportReporter -->
<testsuite skipped="0" hostname="DESKTOP-CLRN8KI" name="seleniumTests.Test_1" tests="1" failures="0" timestamp="2021-10-08T12:30:29 IST" time="13.587" errors="0">
  <testcase name="Test" time="13.587" classname="seleniumTests.Test_1"/>
  <system-out/>
</testsuite> <!-- seleniumTests.Test_1 -->
