<?xml version="1.0" encoding="UTF-8"?>
<!-- Generated by org.testng.reporters.JUnitReportReporter -->
<testsuite skipped="0" hostname="DESKTOP-CLRN8KI" name="seleniumTests.DragandDrop" tests="1" failures="0" timestamp="2021-10-09T00:27:33 IST" time="16.124" errors="0">
  <testcase name="dragAndDrop" time="16.124" classname="seleniumTests.DragandDrop"/>
  <system-out/>
</testsuite> <!-- seleniumTests.DragandDrop -->
