<?xml version="1.0" encoding="UTF-8"?>
<!-- Generated by org.testng.reporters.JUnitReportReporter -->
<testsuite skipped="0" hostname="DESKTOP-CLRN8KI" name="Test01_GET" tests="2" failures="0" timestamp="2021-10-01T11:18:37 IST" time="4.170" errors="0">
  <testcase name="Test_02" time="3.992" classname="Test01_GET"/>
  <system-out/>
  <testcase name="test_01" time="0.178" classname="Test01_GET"/>
  <system-out/>
</testsuite> <!-- Test01_GET -->
